0 info it worked if it ends with ok
1 verbose cli [ '/Users/mcf/.nvm/versions/node/v6.9.1/bin/node',
1 verbose cli   '/Users/mcf/.nvm/versions/node/v6.9.1/bin/npm',
1 verbose cli   'publish',
1 verbose cli   './' ]
2 info using npm@3.10.8
3 info using node@v6.9.1
4 verbose publish [ './' ]
5 silly cache add args [ './', null ]
6 verbose cache add spec ./
7 silly cache add parsed spec Result {
7 silly cache add   raw: './',
7 silly cache add   scope: null,
7 silly cache add   escapedName: null,
7 silly cache add   name: null,
7 silly cache add   rawSpec: './',
7 silly cache add   spec: '/Users/mcf/Archive/demos/fis3-preprocessor-vue-tmpl',
7 silly cache add   type: 'directory' }
8 verbose addLocalDirectory /Users/mcf/.npm/fis3-preprocessor-vue-tmpl/1.0.5/package.tgz not in flight; packing
9 verbose correctMkdir /Users/mcf/.npm correctMkdir not in flight; initializing
10 info lifecycle fis3-preprocessor-vue-tmpl@1.0.5~prepublish: fis3-preprocessor-vue-tmpl@1.0.5
11 silly lifecycle fis3-preprocessor-vue-tmpl@1.0.5~prepublish: no script for prepublish, continuing
12 verbose tar pack [ '/Users/mcf/.npm/fis3-preprocessor-vue-tmpl/1.0.5/package.tgz',
12 verbose tar pack   '/Users/mcf/Archive/demos/fis3-preprocessor-vue-tmpl' ]
13 verbose tarball /Users/mcf/.npm/fis3-preprocessor-vue-tmpl/1.0.5/package.tgz
14 verbose folder /Users/mcf/Archive/demos/fis3-preprocessor-vue-tmpl
15 verbose addLocalTarball adding from inside cache /Users/mcf/.npm/fis3-preprocessor-vue-tmpl/1.0.5/package.tgz
16 verbose correctMkdir /Users/mcf/.npm correctMkdir not in flight; initializing
17 silly cache afterAdd fis3-preprocessor-vue-tmpl@1.0.5
18 verbose afterAdd /Users/mcf/.npm/fis3-preprocessor-vue-tmpl/1.0.5/package/package.json not in flight; writing
19 verbose correctMkdir /Users/mcf/.npm correctMkdir not in flight; initializing
20 verbose afterAdd /Users/mcf/.npm/fis3-preprocessor-vue-tmpl/1.0.5/package/package.json written
21 silly publish { name: 'fis3-preprocessor-vue-tmpl',
21 silly publish   version: '1.0.5',
21 silly publish   description: 'vue2.0 template compiler for fis3 and es2015 supported as well.',
21 silly publish   main: 'index.js',
21 silly publish   scripts: { test: 'echo "Error: no test specified" && exit 1' },
21 silly publish   repository:
21 silly publish    { type: 'git',
21 silly publish      url: 'git+https://github.com/Hiufan/fis3-preprocessor-vue-tmpl.git' },
21 silly publish   keywords: [ 'fis3', 'browerify', 'ES2015' ],
21 silly publish   author: { name: 'Hiufan@qq.com' },
21 silly publish   license: 'MIT',
21 silly publish   bugs: { url: 'https://github.com/Hiufan/fis3-preprocessor-vue-tmpl/issues' },
21 silly publish   homepage: 'https://github.com/Hiufan/fis3-preprocessor-vue-tmpl#readme',
21 silly publish   dependencies:
21 silly publish    { browserify: '^11.2.0',
21 silly publish      deasync: '^0.1.3',
21 silly publish      debowerify: '^1.3.1',
21 silly publish      through2: '^2.0.1',
21 silly publish      'babel-preset-es2015-native-modules': '^6.9.4',
21 silly publish      'babel-preset-es2015': '^6.18.0',
21 silly publish      'babel-preset-react': '^6.16.0',
21 silly publish      'babel-preset-stage-0': '^6.16.0',
21 silly publish      'babel-preset-stage-1': '^6.16.0',
21 silly publish      'babel-preset-stage-2': '^6.18.0',
21 silly publish      'babel-preset-stage-3': '^6.17.0',
21 silly publish      babelify: '^7.3.0',
21 silly publish      'vue-template-compiler': '^2.1.4',
21 silly publish      'vue-template-es2015-compiler': '^1.3.2' },
21 silly publish   readme: '# fis3-preprocessor-vue-tmpl\n\n    Note: 仅支持在fis3中使用，不支持`.vue`形式的单文件\n\n## 功能说明\n`fis3-preprocessor-vue-tmpl`是一款用于在fis3构建时对vue2.0的模板进行编译的插件，支持的特性包括：\n\n- commonjs方式引用js模块\n- babel解析ES2015语法\n- 直接引用npm/bower模块\n- 构建时预编译vue2.0的模板为`Render函数`\n- 保持对fis3内置语法（`__inline`/`__uri()`）的支持\n\n## 特性描述\n由于vue2.0支持[独立构建与运行时构建](https://vuejs.org/v2/guide/installation.html#Standalone-vs-Runtime-only-Build)，因此采用`Runtime-only build`可以减少运行时的代码体积。\n\n然而，使用这种方式并不支持`template`属性，仅能对单文件中的模板进行编译，或者就是直接写渲染函数。当项目较为大型时，单文件的书写方式可能导致一个文件中的代码量较多，三种资源混杂在一起可能并不是太方便管理，而直接写渲染函数又并不是太直观。\n\n当我们使用fis3时，会直接在`xxx.html`中写模板，并使用`template: __inline(\'xxx.html\')`这样的方式来引用模板，从而让代码量较多的组件可以合理地组织三种资源（html/css/js）。与直接写渲染函数相比，贴近HTML的模板语法，可读性更友好一些。\n\n从渲染的过程来看，无论`template`属性中引用的模板代码，抑或是单文件(.vue)中的模板最终都会被vue的编译器编译为[`Render函数`](https://vuejs.org/v2/guide/render-function.html#Template-Compilation)，再渲染为`virtual dom`，我们因此可以将模板编译的过程提前到构建阶段，这样就可以减少运行时编译所产生的耗时。\n\n这个插件本质上是将fis3的`__inline()`语法替换为`Vue.compile`，既保持开发时贴近HTML的模板语法，又在构建时就完成了模板的编译。\n\n## 安装\n局部安装\n```bash\nnpm install fis3-preprocessor-vue-tmpl --save-dev\n``` \n全局安装\n```bash\nnpm install fis3-preprocessor-vue-tmpl -g\n```\n\n## 使用\n\n```js\n//fis-conf.js\n\nfis.config.set(\'settings.preprocessor.browserify\', {\n    browserify: {\n        // debug: true,\n    },\n    es2015: {\n        enable: true,\n        presets: [\'es2015\',\'react\', \'stage-2\']\n    }\n});\n\n```\n\n-\t其中`browserify`中的配置与[browserify opts](https://github.com/substack/node-browserify#browserifyfiles--opts)保持一致。\n- 若要启用es2015支持，需要将es2015选项中的`enaable`属性配置为`true`，`presets`属性才会生效。\n\n',
21 silly publish   readmeFilename: 'README.md',
21 silly publish   gitHead: '6c15b231dce0a9a624337ecb235b171a20345a76',
21 silly publish   _id: 'fis3-preprocessor-vue-tmpl@1.0.5',
21 silly publish   _shasum: '12a5f3f82a2b20dd4455281ddf24e660e551372f',
21 silly publish   _from: '.' }
22 verbose getPublishConfig undefined
23 silly mapToRegistry name fis3-preprocessor-vue-tmpl
24 silly mapToRegistry using default registry
25 silly mapToRegistry registry https://registry.npmjs.org/
26 silly mapToRegistry data Result {
26 silly mapToRegistry   raw: 'fis3-preprocessor-vue-tmpl',
26 silly mapToRegistry   scope: null,
26 silly mapToRegistry   escapedName: 'fis3-preprocessor-vue-tmpl',
26 silly mapToRegistry   name: 'fis3-preprocessor-vue-tmpl',
26 silly mapToRegistry   rawSpec: '',
26 silly mapToRegistry   spec: 'latest',
26 silly mapToRegistry   type: 'tag' }
27 silly mapToRegistry uri https://registry.npmjs.org/fis3-preprocessor-vue-tmpl
28 verbose publish registryBase https://registry.npmjs.org/
29 silly publish uploading /Users/mcf/.npm/fis3-preprocessor-vue-tmpl/1.0.5/package.tgz
30 verbose request uri https://registry.npmjs.org/fis3-preprocessor-vue-tmpl
31 verbose request sending authorization for write operation
32 info attempt registry request try #1 at 18:13:00
33 verbose request using bearer token for auth
34 verbose request id 019e11648eefdc25
35 http request PUT https://registry.npmjs.org/fis3-preprocessor-vue-tmpl
36 http 403 https://registry.npmjs.org/fis3-preprocessor-vue-tmpl
37 verbose headers { 'content-type': 'application/json',
37 verbose headers   'cache-control': 'max-age=300',
37 verbose headers   'content-length': '95',
37 verbose headers   'accept-ranges': 'bytes',
37 verbose headers   date: 'Mon, 12 Dec 2016 10:13:04 GMT',
37 verbose headers   via: '1.1 varnish',
37 verbose headers   connection: 'keep-alive',
37 verbose headers   'x-served-by': 'cache-hkg6821-HKG',
37 verbose headers   'x-cache': 'MISS',
37 verbose headers   'x-cache-hits': '0',
37 verbose headers   'x-timer': 'S1481537583.324203,VS0,VE880',
37 verbose headers   vary: 'Accept-Encoding' }
38 verbose request invalidating /Users/mcf/.npm/registry.npmjs.org/fis3-preprocessor-vue-tmpl on PUT
39 error publish Failed PUT 403
40 verbose stack Error: "You cannot publish over the previously published version 1.0.5." : fis3-preprocessor-vue-tmpl
40 verbose stack     at makeError (/Users/mcf/.nvm/versions/node/v6.9.1/lib/node_modules/npm/node_modules/npm-registry-client/lib/request.js:302:12)
40 verbose stack     at CachingRegistryClient.<anonymous> (/Users/mcf/.nvm/versions/node/v6.9.1/lib/node_modules/npm/node_modules/npm-registry-client/lib/request.js:290:14)
40 verbose stack     at Request._callback (/Users/mcf/.nvm/versions/node/v6.9.1/lib/node_modules/npm/node_modules/npm-registry-client/lib/request.js:210:14)
40 verbose stack     at Request.self.callback (/Users/mcf/.nvm/versions/node/v6.9.1/lib/node_modules/npm/node_modules/request/request.js:187:22)
40 verbose stack     at emitTwo (events.js:106:13)
40 verbose stack     at Request.emit (events.js:191:7)
40 verbose stack     at Request.<anonymous> (/Users/mcf/.nvm/versions/node/v6.9.1/lib/node_modules/npm/node_modules/request/request.js:1044:10)
40 verbose stack     at emitOne (events.js:96:13)
40 verbose stack     at Request.emit (events.js:188:7)
40 verbose stack     at IncomingMessage.<anonymous> (/Users/mcf/.nvm/versions/node/v6.9.1/lib/node_modules/npm/node_modules/request/request.js:965:12)
41 verbose statusCode 403
42 verbose pkgid fis3-preprocessor-vue-tmpl
43 verbose cwd /Users/mcf/Archive/demos/fis3-preprocessor-vue-tmpl
44 error Darwin 16.1.0
45 error argv "/Users/mcf/.nvm/versions/node/v6.9.1/bin/node" "/Users/mcf/.nvm/versions/node/v6.9.1/bin/npm" "publish" "./"
46 error node v6.9.1
47 error npm  v3.10.8
48 error code E403
49 error "You cannot publish over the previously published version 1.0.5." : fis3-preprocessor-vue-tmpl
50 error If you need help, you may report this error at:
50 error     <https://github.com/npm/npm/issues>
51 verbose exit [ 1, true ]
